<?xml version="1.0" encoding="UTF-8"?>
<!-- Generated by org.testng.reporters.JUnitReportReporter -->
<testsuite hostname="Naels-MacBook-Pro.local" failures="0" tests="1" name="com.launcher.BringgTestScenarioLauncher" time="21.976" errors="0" timestamp="2020-11-04T18:54:35 IST" skipped="0">
  <testcase classname="com.launcher.BringgTestScenarioLauncher" name="runScenario" time="21.976"/>
  <system-out/>
</testsuite> <!-- com.launcher.BringgTestScenarioLauncher -->
